<?xml version="1.0" encoding="UTF-8"?>
<!-- Generated by org.testng.reporters.JUnitReportReporter -->
<testsuite skipped="0" hostname="MacBook-Pro.local" name="com.web.gethyphen.testcases.GetHyphenTCs" tests="6" failures="0" timestamp="02 May 2021 12:54:29 GMT" time="130.974" errors="0">
  <testcase name="createNewPostWithOfficialPostTypeAndOpenQuestion" time="19.302" classname="com.web.gethyphen.testcases.GetHyphenTCs"/>
  <testcase name="createNewPostWithAnonymousPostTypeAndMultipleChoicenQuestion" time="20.338" classname="com.web.gethyphen.testcases.GetHyphenTCs"/>
  <testcase name="createNewPostWithAnonymousPostTypeAndOpenQuestion" time="21.995" classname="com.web.gethyphen.testcases.GetHyphenTCs"/>
  <testcase name="createNewPostWithNamedPostTypeAndOpenQuestion" time="22.092" classname="com.web.gethyphen.testcases.GetHyphenTCs"/>
  <testcase name="createNewPostWithOfficialPostTypeAndMultipleChoicenQuestion" time="20.983" classname="com.web.gethyphen.testcases.GetHyphenTCs"/>
  <testcase name="createNewPostWithNamedPostTypeAndMultipleChoicenQuestion" time="26.264" classname="com.web.gethyphen.testcases.GetHyphenTCs"/>
</testsuite> <!-- com.web.gethyphen.testcases.GetHyphenTCs -->
