<?xml version="1.0" encoding="UTF-8"?>
<!-- Generated by org.testng.reporters.JUnitReportReporter -->
<testsuite skipped="0" hostname="MacBook-Pro.local" name="com.web.gethyphen.testcases.LoginPageTCs" tests="3" failures="0" timestamp="02 May 2021 13:53:44 GMT" time="36.474" errors="0">
  <testcase name="verifyLoginWithInValidEmail" time="7.651" classname="com.web.gethyphen.testcases.LoginPageTCs"/>
  <testcase name="verifyLoginWithValidUserNameAndInValidPassword" time="14.465" classname="com.web.gethyphen.testcases.LoginPageTCs"/>
  <testcase name="verifyLoginWithValidCredentials" time="14.358" classname="com.web.gethyphen.testcases.LoginPageTCs"/>
</testsuite> <!-- com.web.gethyphen.testcases.LoginPageTCs -->
