<?xml version="1.0" encoding="UTF-8"?>
<!-- Generated by org.testng.reporters.JUnitReportReporter -->
<testsuite skipped="0" hostname="MacBook-Pro.local" name="com.web.gethyphen.testcases.CreateNewPostTCs" tests="6" failures="0" timestamp="02 May 2021 13:53:44 GMT" time="129.277" errors="0">
  <testcase name="createNewPostWithOfficialPostTypeAndOpenQuestion" time="20.407" classname="com.web.gethyphen.testcases.CreateNewPostTCs"/>
  <testcase name="createNewPostWithAnonymousPostTypeAndMultipleChoicenQuestion" time="21.612" classname="com.web.gethyphen.testcases.CreateNewPostTCs"/>
  <testcase name="createNewPostWithAnonymousPostTypeAndOpenQuestion" time="20.712" classname="com.web.gethyphen.testcases.CreateNewPostTCs"/>
  <testcase name="createNewPostWithNamedPostTypeAndOpenQuestion" time="20.768" classname="com.web.gethyphen.testcases.CreateNewPostTCs"/>
  <testcase name="createNewPostWithOfficialPostTypeAndMultipleChoicenQuestion" time="24.094" classname="com.web.gethyphen.testcases.CreateNewPostTCs"/>
  <testcase name="createNewPostWithNamedPostTypeAndMultipleChoicenQuestion" time="21.684" classname="com.web.gethyphen.testcases.CreateNewPostTCs"/>
</testsuite> <!-- com.web.gethyphen.testcases.CreateNewPostTCs -->
