<?xml version="1.0" encoding="UTF-8"?>
<!-- Generated by org.testng.reporters.JUnitReportReporter -->
<testsuite skipped="0" hostname="MacBook-Pro.local" name="com.web.gethyphen.testcases.LoginPageTC" tests="3" failures="0" timestamp="02 May 2021 12:54:29 GMT" time="35.028" errors="0">
  <testcase name="verifyLoginWithInValidEmail" time="6.959" classname="com.web.gethyphen.testcases.LoginPageTC"/>
  <testcase name="verifyLoginWithValidUserNameAndInValidPassword" time="12.617" classname="com.web.gethyphen.testcases.LoginPageTC"/>
  <testcase name="verifyLoginWithValidCredentials" time="15.452" classname="com.web.gethyphen.testcases.LoginPageTC"/>
</testsuite> <!-- com.web.gethyphen.testcases.LoginPageTC -->
